2024-08-29 13:08:22.464 [info] Default formatter is set to null for workspace /home/valdircarlos2005
2024-08-29 13:08:22.485 [info] Test server listening.
2024-08-29 13:08:22.497 [info] > hatch env show --json
2024-08-29 13:08:22.497 [info] cwd: .
2024-08-29 13:08:22.504 [info] Python interpreter path: /bin/python
2024-08-29 13:08:22.527 [info] > /bin/python -I /google/devshell/editor/code-oss-for-cloud-shell/extensions/ms-python.python/python_files/get_output_via_markers.py /google/devshell/editor/code-oss-for-cloud-shell/extensions/ms-python.python/python_files/interpreterInfo.py
2024-08-29 13:08:22.823 [info] > pyenv which python
2024-08-29 13:08:22.824 [info] cwd: .
2024-08-29 13:08:24.111 [info] Send text to terminal: /bin/python /home/valdircarlos2005/calculo-imc.py
2024-08-29 13:08:24.610 [info] Starting Jedi language server for valdircarlos2005.
2024-08-29 13:08:38.985 [info] CreateEnv Trigger - Skipping for /home/valdircarlos2005/calculo-imc.py
2024-08-29 13:09:02.869 [info] Discover tests for workspace name: valdircarlos2005 - uri: /home/valdircarlos2005/calculo-imc.py
2024-08-29 13:09:06.256 [info] Discover tests for workspace name: valdircarlos2005 - uri: /home/valdircarlos2005/calculo-imc.py
2024-08-29 13:09:15.460 [info] Discover tests for workspace name: valdircarlos2005 - uri: /home/valdircarlos2005/calculo-imc.py
2024-08-29 13:09:22.684 [info] Discover tests for workspace name: valdircarlos2005 - uri: /home/valdircarlos2005/calculo-imc.py
2024-08-29 13:09:24.321 [info] Discover tests for workspace name: valdircarlos2005 - uri: /home/valdircarlos2005/calculo-imc.py
2024-08-29 13:09:30.563 [info] Discover tests for workspace name: valdircarlos2005 - uri: /home/valdircarlos2005/calculo-imc.py
2024-08-29 13:09:41.212 [info] Discover tests for workspace name: valdircarlos2005 - uri: /home/valdircarlos2005/calculo-imc.py
2024-08-29 13:09:44.228 [info] Discover tests for workspace name: valdircarlos2005 - uri: /home/valdircarlos2005/calculo-imc.py
2024-08-29 13:09:47.379 [info] Discover tests for workspace name: valdircarlos2005 - uri: /home/valdircarlos2005/calculo-imc.py
2024-08-29 13:09:56.410 [info] Discover tests for workspace name: valdircarlos2005 - uri: /home/valdircarlos2005/calculo-imc.py
2024-08-29 13:09:59.208 [info] Discover tests for workspace name: valdircarlos2005 - uri: /home/valdircarlos2005/calculo-imc.py
2024-08-29 13:10:05.085 [info] Discover tests for workspace name: valdircarlos2005 - uri: /home/valdircarlos2005/calculo-imc.py
2024-08-29 13:10:07.403 [info] Discover tests for workspace name: valdircarlos2005 - uri: /home/valdircarlos2005/calculo-imc.py
2024-08-29 13:10:24.899 [info] Discover tests for workspace name: valdircarlos2005 - uri: /home/valdircarlos2005/calculo-imc.py
2024-08-29 13:10:26.205 [info] Discover tests for workspace name: valdircarlos2005 - uri: /home/valdircarlos2005/calculo-imc.py
2024-08-29 13:10:30.335 [info] Discover tests for workspace name: valdircarlos2005 - uri: /home/valdircarlos2005/calculo-imc.py
2024-08-29 13:10:31.608 [info] Discover tests for workspace name: valdircarlos2005 - uri: /home/valdircarlos2005/calculo-imc.py
2024-08-29 13:10:47.918 [info] Discover tests for workspace name: valdircarlos2005 - uri: /home/valdircarlos2005/calculo-imc.py
2024-08-29 13:10:51.548 [info] Discover tests for workspace name: valdircarlos2005 - uri: /home/valdircarlos2005/calculo-imc.py
2024-08-29 13:10:55.664 [info] Discover tests for workspace name: valdircarlos2005 - uri: /home/valdircarlos2005/calculo-imc.py
2024-08-29 13:11:16.203 [info] Discover tests for workspace name: valdircarlos2005 - uri: /home/valdircarlos2005/calculo-imc.py
2024-08-29 13:11:28.041 [info] Discover tests for workspace name: valdircarlos2005 - uri: /home/valdircarlos2005/calculo-imc.py
2024-08-29 13:11:30.455 [info] Discover tests for workspace name: valdircarlos2005 - uri: /home/valdircarlos2005/calculo-imc.py
2024-08-29 13:11:33.141 [info] Discover tests for workspace name: valdircarlos2005 - uri: /home/valdircarlos2005/calculo-imc.py
2024-08-29 13:11:36.088 [info] Discover tests for workspace name: valdircarlos2005 - uri: /home/valdircarlos2005/calculo-imc.py
2024-08-29 13:11:37.569 [info] Discover tests for workspace name: valdircarlos2005 - uri: /home/valdircarlos2005/calculo-imc.py
2024-08-29 13:11:39.212 [info] Discover tests for workspace name: valdircarlos2005 - uri: /home/valdircarlos2005/calculo-imc.py
2024-08-29 13:11:40.737 [info] Discover tests for workspace name: valdircarlos2005 - uri: /home/valdircarlos2005/calculo-imc.py
2024-08-29 13:12:07.410 [info] Discover tests for workspace name: valdircarlos2005 - uri: /home/valdircarlos2005/calculo-imc.py
2024-08-29 13:12:47.987 [info] Discover tests for workspace name: valdircarlos2005 - uri: /home/valdircarlos2005/calculo-imc.py
2024-08-29 13:12:49.348 [info] Discover tests for workspace name: valdircarlos2005 - uri: /home/valdircarlos2005/calculo-imc.py
2024-08-29 13:12:52.437 [info] Discover tests for workspace name: valdircarlos2005 - uri: /home/valdircarlos2005/calculo-imc.py
2024-08-29 13:12:53.793 [info] Discover tests for workspace name: valdircarlos2005 - uri: /home/valdircarlos2005/calculo-imc.py
2024-08-29 13:13:03.499 [info] Discover tests for workspace name: valdircarlos2005 - uri: /home/valdircarlos2005/calculo-imc.py
2024-08-29 13:13:07.323 [info] Discover tests for workspace name: valdircarlos2005 - uri: /home/valdircarlos2005/calculo-imc.py
2024-08-29 13:13:10.269 [info] Discover tests for workspace name: valdircarlos2005 - uri: /home/valdircarlos2005/calculo-imc.py
2024-08-29 13:13:39.545 [info] Discover tests for workspace name: valdircarlos2005 - uri: /home/valdircarlos2005/calculo-imc.py
2024-08-29 13:13:42.411 [info] Discover tests for workspace name: valdircarlos2005 - uri: /home/valdircarlos2005/calculo-imc.py
2024-08-29 13:14:13.726 [info] Discover tests for workspace name: valdircarlos2005 - uri: /home/valdircarlos2005/calculo-imc.py
2024-08-29 13:14:47.498 [info] Discover tests for workspace name: valdircarlos2005 - uri: /home/valdircarlos2005/calculo-imc.py
2024-08-29 13:14:54.970 [info] Discover tests for workspace name: valdircarlos2005 - uri: /home/valdircarlos2005/calculo-imc.py
2024-08-29 13:15:02.868 [info] Discover tests for workspace name: valdircarlos2005 - uri: /home/valdircarlos2005/calculo-imc.py
2024-08-29 13:17:15.091 [info] Discover tests for workspace name: valdircarlos2005 - uri: /home/valdircarlos2005/calculo-imc.py
2024-08-29 13:17:18.386 [info] Discover tests for workspace name: valdircarlos2005 - uri: /home/valdircarlos2005/calculo-imc.py
2024-08-29 13:17:20.271 [info] Discover tests for workspace name: valdircarlos2005 - uri: /home/valdircarlos2005/calculo-imc.py
2024-08-29 13:17:26.146 [info] Discover tests for workspace name: valdircarlos2005 - uri: /home/valdircarlos2005/calculo-imc.py
2024-08-29 13:18:03.405 [info] Discover tests for workspace name: valdircarlos2005 - uri: /home/valdircarlos2005/calculo-imc.py
2024-08-29 13:18:04.993 [info] Discover tests for workspace name: valdircarlos2005 - uri: /home/valdircarlos2005/calculo-imc.py
2024-08-29 13:18:06.865 [info] Discover tests for workspace name: valdircarlos2005 - uri: /home/valdircarlos2005/calculo-imc.py
2024-08-29 13:18:08.333 [info] Discover tests for workspace name: valdircarlos2005 - uri: /home/valdircarlos2005/calculo-imc.py
2024-08-29 13:18:41.131 [info] Discover tests for workspace name: valdircarlos2005 - uri: /home/valdircarlos2005/calculo-imc.py
2024-08-29 13:19:13.236 [info] Discover tests for workspace name: valdircarlos2005 - uri: /home/valdircarlos2005/calculo-imc.py
2024-08-29 13:19:22.476 [info] Send text to terminal: /bin/python /home/valdircarlos2005/calculo-imc.py
2024-08-29 13:19:29.737 [info] Send text to terminal: /bin/python /home/valdircarlos2005/calculo-imc.py
2024-08-29 13:19:51.938 [info] Discover tests for workspace name: valdircarlos2005 - uri: /home/valdircarlos2005/calculo-imc.py
2024-08-29 13:19:55.827 [info] Discover tests for workspace name: valdircarlos2005 - uri: /home/valdircarlos2005/calculo-imc.py
2024-08-29 13:20:21.441 [info] Discover tests for workspace name: valdircarlos2005 - uri: /home/valdircarlos2005/calculo-imc.py
2024-08-29 13:20:43.923 [info] Discover tests for workspace name: valdircarlos2005 - uri: /home/valdircarlos2005/calculo-imc.py
2024-08-29 13:20:46.669 [info] Discover tests for workspace name: valdircarlos2005 - uri: /home/valdircarlos2005/calculo-imc.py
2024-08-29 13:20:50.010 [info] Discover tests for workspace name: valdircarlos2005 - uri: /home/valdircarlos2005/calculo-imc.py
2024-08-29 13:20:55.845 [info] Discover tests for workspace name: valdircarlos2005 - uri: /home/valdircarlos2005/calculo-imc.py
2024-08-29 13:20:57.375 [info] Discover tests for workspace name: valdircarlos2005 - uri: /home/valdircarlos2005/calculo-imc.py
2024-08-29 13:20:58.101 [info] Send text to terminal: /bin/python /home/valdircarlos2005/calculo-imc.py
2024-08-29 13:21:10.399 [info] Discover tests for workspace name: valdircarlos2005 - uri: /home/valdircarlos2005/calculo-imc.py
2024-08-29 13:21:17.493 [info] Discover tests for workspace name: valdircarlos2005 - uri: /home/valdircarlos2005/calculo-imc.py
2024-08-29 13:25:19.149 [info] Discover tests for workspace name: valdircarlos2005 - uri: /home/valdircarlos2005/calculo-imc.py
2024-08-29 13:25:20.403 [info] Discover tests for workspace name: valdircarlos2005 - uri: /home/valdircarlos2005/calculo-imc.py
2024-08-29 13:25:23.544 [info] Discover tests for workspace name: valdircarlos2005 - uri: /home/valdircarlos2005/calculo-imc.py
2024-08-29 13:25:24.697 [info] Discover tests for workspace name: valdircarlos2005 - uri: /home/valdircarlos2005/calculo-imc.py
2024-08-29 13:25:26.374 [info] Discover tests for workspace name: valdircarlos2005 - uri: /home/valdircarlos2005/calculo-imc.py
2024-08-29 13:25:28.497 [info] Discover tests for workspace name: valdircarlos2005 - uri: /home/valdircarlos2005/calculo-imc.py
2024-08-29 13:25:37.074 [info] Discover tests for workspace name: valdircarlos2005 - uri: /home/valdircarlos2005/calculo-imc.py
2024-08-29 13:25:49.080 [info] Discover tests for workspace name: valdircarlos2005 - uri: /home/valdircarlos2005/calculo-imc.py
2024-08-29 13:25:53.737 [info] Discover tests for workspace name: valdircarlos2005 - uri: /home/valdircarlos2005/calculo-imc.py
2024-08-29 13:25:56.825 [info] Discover tests for workspace name: valdircarlos2005 - uri: /home/valdircarlos2005/calculo-imc.py
2024-08-29 13:25:58.685 [info] Discover tests for workspace name: valdircarlos2005 - uri: /home/valdircarlos2005/calculo-imc.py
2024-08-29 13:26:06.401 [info] Discover tests for workspace name: valdircarlos2005 - uri: /home/valdircarlos2005/calculo-imc.py
2024-08-29 13:26:10.572 [info] Discover tests for workspace name: valdircarlos2005 - uri: /home/valdircarlos2005/calculo-imc.py
2024-08-29 13:26:16.555 [info] Discover tests for workspace name: valdircarlos2005 - uri: /home/valdircarlos2005/calculo-imc.py
2024-08-29 13:26:18.408 [info] Discover tests for workspace name: valdircarlos2005 - uri: /home/valdircarlos2005/calculo-imc.py
2024-08-29 13:26:24.938 [info] Discover tests for workspace name: valdircarlos2005 - uri: /home/valdircarlos2005/calculo-imc.py
2024-08-29 13:26:27.193 [info] Discover tests for workspace name: valdircarlos2005 - uri: /home/valdircarlos2005/calculo-imc.py
2024-08-29 13:26:31.939 [info] Discover tests for workspace name: valdircarlos2005 - uri: /home/valdircarlos2005/calculo-imc.py
