Initializing document watcher...
Document watcher initialized
valdircarlos2005/calculo-imc.py: {}
valdircarlos2005/README-cloudshell.txt: {}
valdircarlos2005/calculo-imc.py: {}
valdircarlos2005/calculo-imc.py: {}
valdircarlos2005/calculo-imc.py: {}
valdircarlos2005/calculo-imc.py: Using EditorConfig core...
valdircarlos2005/calculo-imc.py: Using EditorConfig core...
valdircarlos2005/calculo-imc.py: Using EditorConfig core...
valdircarlos2005/calculo-imc.py: Using EditorConfig core...
valdircarlos2005/calculo-imc.py: Using EditorConfig core...
valdircarlos2005/calculo-imc.py: Using EditorConfig core...
valdircarlos2005/calculo-imc.py: Using EditorConfig core...
valdircarlos2005/calculo-imc.py: {}
valdircarlos2005/calculo-imc.py: Using EditorConfig core...
valdircarlos2005/calculo-imc.py: Using EditorConfig core...
valdircarlos2005/calculo-imc.py: Using EditorConfig core...
valdircarlos2005/calculo-imc.py: Using EditorConfig core...
valdircarlos2005/calculo-imc.py: Using EditorConfig core...
valdircarlos2005/calculo-imc.py: Using EditorConfig core...
valdircarlos2005/calculo-imc.py: Using EditorConfig core...
valdircarlos2005/calculo-imc.py: Using EditorConfig core...
