2024-08-29 13:05:07.409 [info] Default formatter is set to null for workspace /home/valdircarlos2005
2024-08-29 13:05:07.409 [info] Test server listening.
2024-08-29 13:05:07.409 [info] > conda info --json
2024-08-29 13:05:07.409 [info] > hatch env show --json
2024-08-29 13:05:07.409 [info] cwd: .
2024-08-29 13:05:07.409 [info] > pyenv which python
2024-08-29 13:05:07.409 [info] cwd: .
2024-08-29 13:05:07.410 [info] Found: /bin/python --> /usr/bin/python3.10
2024-08-29 13:05:07.412 [info] Found: /bin/python2 --> /bin/python2.7
2024-08-29 13:05:07.412 [info] Found: /bin/python2.7 --> /bin/python2.7
2024-08-29 13:05:07.412 [info] Found: /bin/python3 --> /bin/python3.10
2024-08-29 13:05:07.413 [info] Found: /bin/python3.10 --> /bin/python3.10
2024-08-29 13:05:07.448 [info] Found: /usr/bin/python --> /usr/bin/python3.10
2024-08-29 13:05:07.448 [info] Found: /usr/bin/python2 --> /usr/bin/python2.7
2024-08-29 13:05:07.449 [info] Found: /usr/bin/python2.7 --> /usr/bin/python2.7
2024-08-29 13:05:07.449 [info] Found: /usr/bin/python3 --> /usr/bin/python3.10
2024-08-29 13:05:07.449 [info] Found: /usr/bin/python3.10 --> /usr/bin/python3.10
2024-08-29 13:05:07.530 [info] > /bin/python -I /google/devshell/editor/code-oss-for-cloud-shell/extensions/ms-python.python/python_files/get_output_via_markers.py /google/devshell/editor/code-oss-for-cloud-shell/extensions/ms-python.python/python_files/interpreterInfo.py
2024-08-29 13:05:07.570 [info] > /bin/python2 -I /google/devshell/editor/code-oss-for-cloud-shell/extensions/ms-python.python/python_files/get_output_via_markers.py /google/devshell/editor/code-oss-for-cloud-shell/extensions/ms-python.python/python_files/interpreterInfo.py
2024-08-29 13:05:07.619 [info] > /bin/python3 -I /google/devshell/editor/code-oss-for-cloud-shell/extensions/ms-python.python/python_files/get_output_via_markers.py /google/devshell/editor/code-oss-for-cloud-shell/extensions/ms-python.python/python_files/interpreterInfo.py
2024-08-29 13:05:07.651 [info] > /usr/bin/python2 -I /google/devshell/editor/code-oss-for-cloud-shell/extensions/ms-python.python/python_files/get_output_via_markers.py /google/devshell/editor/code-oss-for-cloud-shell/extensions/ms-python.python/python_files/interpreterInfo.py
2024-08-29 13:05:07.662 [warning] Error: Command failed: /bin/python2 -I /google/devshell/editor/code-oss-for-cloud-shell/extensions/ms-python.python/python_files/get_output_via_markers.py /google/devshell/editor/code-oss-for-cloud-shell/extensions/ms-python.python/python_files/interpreterInfo.py
Unknown option: -I
usage: /bin/python2 [option] ... [-c cmd | -m mod | file | -] [arg] ...
Try `python -h' for more information.

    at ChildProcess.exithandler (node:child_process:422:12)
    at ChildProcess.emit (node:events:529:35)
    at maybeClose (node:internal/child_process:1098:16)
    at Process.ChildProcess._handle.onexit (node:internal/child_process:303:5) {
  code: 2,
  killed: false,
  signal: null,
  cmd: '/bin/python2 -I /google/devshell/editor/code-oss-for-cloud-shell/extensions/ms-python.python/python_files/get_output_via_markers.py /google/devshell/editor/code-oss-for-cloud-shell/extensions/ms-python.python/python_files/interpreterInfo.py'
}
2024-08-29 13:05:07.663 [error] Support for Python 2.7 has been dropped by the Python extension so certain features may not work, upgrade to using Python 3.
2024-08-29 13:05:07.690 [info] > /bin/python2 /google/devshell/editor/code-oss-for-cloud-shell/extensions/ms-python.python/python_files/get_output_via_markers.py /google/devshell/editor/code-oss-for-cloud-shell/extensions/ms-python.python/python_files/interpreterInfo.py
2024-08-29 13:05:07.699 [warning] Error: Command failed: /usr/bin/python2 -I /google/devshell/editor/code-oss-for-cloud-shell/extensions/ms-python.python/python_files/get_output_via_markers.py /google/devshell/editor/code-oss-for-cloud-shell/extensions/ms-python.python/python_files/interpreterInfo.py
Unknown option: -I
usage: /usr/bin/python2 [option] ... [-c cmd | -m mod | file | -] [arg] ...
Try `python -h' for more information.

    at ChildProcess.exithandler (node:child_process:422:12)
    at ChildProcess.emit (node:events:529:35)
    at maybeClose (node:internal/child_process:1098:16)
    at Socket.<anonymous> (node:internal/child_process:450:11)
    at Socket.emit (node:events:517:28)
    at Pipe.<anonymous> (node:net:350:12) {
  code: 2,
  killed: false,
  signal: null,
  cmd: '/usr/bin/python2 -I /google/devshell/editor/code-oss-for-cloud-shell/extensions/ms-python.python/python_files/get_output_via_markers.py /google/devshell/editor/code-oss-for-cloud-shell/extensions/ms-python.python/python_files/interpreterInfo.py'
}
2024-08-29 13:05:07.700 [error] Support for Python 2.7 has been dropped by the Python extension so certain features may not work, upgrade to using Python 3.
2024-08-29 13:05:07.726 [info] > /usr/bin/python2 /google/devshell/editor/code-oss-for-cloud-shell/extensions/ms-python.python/python_files/get_output_via_markers.py /google/devshell/editor/code-oss-for-cloud-shell/extensions/ms-python.python/python_files/interpreterInfo.py
2024-08-29 13:05:07.820 [info] Python interpreter path: /bin/python
2024-08-29 13:05:10.442 [info] Starting Jedi language server for valdircarlos2005.
2024-08-29 13:05:49.536 [info] Discover tests for workspace name: valdircarlos2005 - uri: /home/valdircarlos2005/calculo-imc.py
2024-08-29 13:05:51.297 [info] Discover tests for workspace name: valdircarlos2005 - uri: /home/valdircarlos2005/calculo-imc.py
2024-08-29 13:05:55.758 [info] Discover tests for workspace name: valdircarlos2005 - uri: /home/valdircarlos2005/calculo-imc.py
2024-08-29 13:05:58.124 [info] Discover tests for workspace name: valdircarlos2005 - uri: /home/valdircarlos2005/calculo-imc.py
2024-08-29 13:06:01.683 [info] Discover tests for workspace name: valdircarlos2005 - uri: /home/valdircarlos2005/calculo-imc.py
2024-08-29 13:06:04.939 [info] Discover tests for workspace name: valdircarlos2005 - uri: /home/valdircarlos2005/calculo-imc.py
2024-08-29 13:06:08.273 [info] Discover tests for workspace name: valdircarlos2005 - uri: /home/valdircarlos2005/calculo-imc.py
2024-08-29 13:07:13.225 [info] Discover tests for workspace name: valdircarlos2005 - uri: /home/valdircarlos2005/calculo-imc.py
2024-08-29 13:07:14.703 [info] Discover tests for workspace name: valdircarlos2005 - uri: /home/valdircarlos2005/calculo-imc.py
2024-08-29 13:07:15.900 [info] Discover tests for workspace name: valdircarlos2005 - uri: /home/valdircarlos2005/calculo-imc.py
2024-08-29 13:07:21.619 [info] Discover tests for workspace name: valdircarlos2005 - uri: /home/valdircarlos2005/calculo-imc.py
2024-08-29 13:07:26.800 [info] Discover tests for workspace name: valdircarlos2005 - uri: /home/valdircarlos2005/calculo-imc.py
2024-08-29 13:07:28.518 [info] Discover tests for workspace name: valdircarlos2005 - uri: /home/valdircarlos2005/calculo-imc.py
2024-08-29 13:07:30.604 [info] Discover tests for workspace name: valdircarlos2005 - uri: /home/valdircarlos2005/calculo-imc.py
2024-08-29 13:07:32.063 [info] Discover tests for workspace name: valdircarlos2005 - uri: /home/valdircarlos2005/calculo-imc.py
