2024-08-29 13:08:23.730 [info] Nível de log: Info
2024-08-29 13:08:23.730 [info] Validando o git encontrado em: git
2024-08-29 13:08:23.730 [info] Usando git ''2.34.1'' de ''git''
2024-08-29 13:08:23.730 [info] > git rev-parse --show-toplevel [11ms]
2024-08-29 13:08:23.730 [info] fatal: not a git repository (or any parent up to mount point /)
Stopping at filesystem boundary (GIT_DISCOVERY_ACROSS_FILESYSTEM not set).
2024-08-29 13:08:23.734 [info] > git rev-parse --show-toplevel [4ms]
2024-08-29 13:08:23.734 [info] fatal: not a git repository (or any parent up to mount point /)
Stopping at filesystem boundary (GIT_DISCOVERY_ACROSS_FILESYSTEM not set).
2024-08-29 13:08:23.751 [info] > git rev-parse --show-toplevel [4ms]
2024-08-29 13:08:23.752 [info] fatal: not a git repository (or any parent up to mount point /)
Stopping at filesystem boundary (GIT_DISCOVERY_ACROSS_FILESYSTEM not set).
2024-08-29 13:08:23.773 [info] > git rev-parse --show-toplevel [9ms]
2024-08-29 13:08:23.773 [info] fatal: not a git repository (or any parent up to mount point /)
Stopping at filesystem boundary (GIT_DISCOVERY_ACROSS_FILESYSTEM not set).
2024-08-29 13:08:23.797 [info] > git rev-parse --show-toplevel [10ms]
2024-08-29 13:08:23.801 [info] fatal: not a git repository (or any parent up to mount point /)
Stopping at filesystem boundary (GIT_DISCOVERY_ACROSS_FILESYSTEM not set).
2024-08-29 13:08:23.825 [info] > git rev-parse --show-toplevel [4ms]
2024-08-29 13:08:23.825 [info] fatal: not a git repository (or any parent up to mount point /)
Stopping at filesystem boundary (GIT_DISCOVERY_ACROSS_FILESYSTEM not set).
2024-08-29 13:08:23.842 [info] > git rev-parse --show-toplevel [3ms]
2024-08-29 13:08:23.842 [info] fatal: not a git repository (or any parent up to mount point /)
Stopping at filesystem boundary (GIT_DISCOVERY_ACROSS_FILESYSTEM not set).
2024-08-29 13:08:23.859 [info] > git rev-parse --show-toplevel [3ms]
2024-08-29 13:08:23.859 [info] fatal: not a git repository (or any parent up to mount point /)
Stopping at filesystem boundary (GIT_DISCOVERY_ACROSS_FILESYSTEM not set).
2024-08-29 13:08:33.221 [info] > git rev-parse --show-toplevel [43ms]
2024-08-29 13:08:33.222 [info] fatal: not a git repository (or any parent up to mount point /)
Stopping at filesystem boundary (GIT_DISCOVERY_ACROSS_FILESYSTEM not set).
