2024-08-29 15:46:57.787 [info] Nível de log: Info
2024-08-29 15:46:57.787 [info] Validando o git encontrado em: git
2024-08-29 15:46:57.787 [info] Usando git ''2.34.1'' de ''git''
2024-08-29 15:46:57.787 [info] > git rev-parse --show-toplevel [5ms]
2024-08-29 15:46:57.787 [info] fatal: not a git repository (or any parent up to mount point /)
Stopping at filesystem boundary (GIT_DISCOVERY_ACROSS_FILESYSTEM not set).
2024-08-29 15:46:57.787 [info] > git rev-parse --show-toplevel [2ms]
2024-08-29 15:46:57.787 [info] fatal: not a git repository (or any parent up to mount point /)
Stopping at filesystem boundary (GIT_DISCOVERY_ACROSS_FILESYSTEM not set).
2024-08-29 15:46:57.787 [info] > git rev-parse --show-toplevel [1ms]
2024-08-29 15:46:57.787 [info] fatal: not a git repository (or any parent up to mount point /)
Stopping at filesystem boundary (GIT_DISCOVERY_ACROSS_FILESYSTEM not set).
2024-08-29 15:46:57.787 [info] > git rev-parse --show-toplevel [3ms]
2024-08-29 15:46:57.787 [info] fatal: not a git repository (or any parent up to mount point /)
Stopping at filesystem boundary (GIT_DISCOVERY_ACROSS_FILESYSTEM not set).
2024-08-29 15:46:57.788 [info] > git rev-parse --show-toplevel [2ms]
2024-08-29 15:46:57.789 [info] fatal: not a git repository (or any parent up to mount point /)
Stopping at filesystem boundary (GIT_DISCOVERY_ACROSS_FILESYSTEM not set).
2024-08-29 15:46:57.798 [info] > git rev-parse --show-toplevel [3ms]
2024-08-29 15:46:57.798 [info] fatal: not a git repository (or any parent up to mount point /)
Stopping at filesystem boundary (GIT_DISCOVERY_ACROSS_FILESYSTEM not set).
2024-08-29 15:46:57.807 [info] > git rev-parse --show-toplevel [2ms]
2024-08-29 15:46:57.807 [info] fatal: not a git repository (or any parent up to mount point /)
Stopping at filesystem boundary (GIT_DISCOVERY_ACROSS_FILESYSTEM not set).
2024-08-29 15:46:57.815 [info] > git rev-parse --show-toplevel [2ms]
2024-08-29 15:46:57.816 [info] fatal: not a git repository (or any parent up to mount point /)
Stopping at filesystem boundary (GIT_DISCOVERY_ACROSS_FILESYSTEM not set).
2024-08-29 15:46:57.825 [info] > git rev-parse --show-toplevel [1ms]
2024-08-29 15:46:57.825 [info] fatal: not a git repository (or any parent up to mount point /)
Stopping at filesystem boundary (GIT_DISCOVERY_ACROSS_FILESYSTEM not set).
2024-08-29 15:47:03.091 [info] > git rev-parse --show-toplevel [5ms]
2024-08-29 15:47:03.091 [info] fatal: not a git repository (or any parent up to mount point /)
Stopping at filesystem boundary (GIT_DISCOVERY_ACROSS_FILESYSTEM not set).
2024-08-29 16:06:27.809 [info] > git rev-parse --show-toplevel [6ms]
2024-08-29 16:06:27.810 [info] fatal: not a git repository (or any parent up to mount point /)
Stopping at filesystem boundary (GIT_DISCOVERY_ACROSS_FILESYSTEM not set).
2024-08-29 16:10:35.859 [info] > git rev-parse --show-toplevel [3ms]
2024-08-29 16:10:35.859 [info] fatal: not a git repository (or any parent up to mount point /)
Stopping at filesystem boundary (GIT_DISCOVERY_ACROSS_FILESYSTEM not set).
2024-08-29 16:10:36.704 [info] > git rev-parse --show-toplevel [2ms]
2024-08-29 16:10:36.704 [info] fatal: not a git repository (or any parent up to mount point /)
Stopping at filesystem boundary (GIT_DISCOVERY_ACROSS_FILESYSTEM not set).
2024-08-29 16:10:38.738 [info] > git rev-parse --show-toplevel [3ms]
2024-08-29 16:10:38.738 [info] fatal: not a git repository (or any parent up to mount point /)
Stopping at filesystem boundary (GIT_DISCOVERY_ACROSS_FILESYSTEM not set).
2024-08-29 16:14:42.925 [info] > git rev-parse --show-toplevel [1ms]
2024-08-29 16:14:42.944 [info] > git rev-parse --git-dir --git-common-dir [2ms]
2024-08-29 16:14:42.961 [info] Open repository: /home/valdircarlos2005
2024-08-29 16:14:42.997 [info] No remotes found in the git config file.
2024-08-29 16:14:42.999 [info] > git config --get commit.template [21ms]
2024-08-29 16:14:43.000 [info] > git for-each-ref --format=%(refname)%00%(upstream:short)%00%(objectname)%00%(upstream:track)%00%(upstream:remotename)%00%(upstream:remoteref) refs/heads/master refs/remotes/master [5ms]
2024-08-29 16:14:43.000 [warning] No such branch: master.
2024-08-29 16:14:43.028 [info] > git status -z -uall [12ms]
2024-08-29 16:14:43.610 [info] > git config --get commit.template [13ms]
2024-08-29 16:14:43.631 [info] No remotes found in the git config file.
2024-08-29 16:14:43.633 [info] > git for-each-ref --format=%(refname)%00%(upstream:short)%00%(objectname)%00%(upstream:track)%00%(upstream:remotename)%00%(upstream:remoteref) refs/heads/master refs/remotes/master [2ms]
2024-08-29 16:14:43.633 [warning] No such branch: master.
2024-08-29 16:14:43.655 [info] > git status -z -uall [7ms]
2024-08-29 16:14:44.121 [info] > git check-ignore -v -z --stdin [3ms]
2024-08-29 16:14:49.198 [info] > git config --get commit.template [2ms]
2024-08-29 16:14:49.214 [info] No remotes found in the git config file.
2024-08-29 16:14:49.215 [info] > git for-each-ref --format=%(refname)%00%(upstream:short)%00%(objectname)%00%(upstream:track)%00%(upstream:remotename)%00%(upstream:remoteref) refs/heads/master refs/remotes/master [2ms]
2024-08-29 16:14:49.215 [warning] No such branch: master.
2024-08-29 16:14:49.237 [info] > git status -z -uall [7ms]
2024-08-29 16:14:50.457 [info] > git show --textconv :README-cloudshell.txt [21ms]
2024-08-29 16:14:50.457 [info] > git ls-files --stage -- /home/valdircarlos2005/README-cloudshell.txt [3ms]
2024-08-29 16:14:54.257 [info] > git show --textconv :README.md [41ms]
2024-08-29 16:14:54.257 [info] > git check-ignore -v -z --stdin [7ms]
2024-08-29 16:14:54.258 [info] > git ls-files --stage -- /home/valdircarlos2005/README.md [25ms]
2024-08-29 16:14:54.297 [info] No remotes found in the git config file.
2024-08-29 16:14:54.298 [info] > git config --get commit.template [18ms]
2024-08-29 16:14:54.299 [info] > git for-each-ref --format=%(refname)%00%(upstream:short)%00%(objectname)%00%(upstream:track)%00%(upstream:remotename)%00%(upstream:remoteref) refs/heads/master refs/remotes/master [3ms]
2024-08-29 16:14:54.299 [warning] No such branch: master.
2024-08-29 16:14:54.322 [info] > git status -z -uall [7ms]
2024-08-29 16:15:00.207 [info] > git config --get commit.template [3ms]
2024-08-29 16:15:00.224 [info] No remotes found in the git config file.
2024-08-29 16:15:00.226 [info] > git for-each-ref --format=%(refname)%00%(upstream:short)%00%(objectname)%00%(upstream:track)%00%(upstream:remotename)%00%(upstream:remoteref) refs/heads/master refs/remotes/master [1ms]
2024-08-29 16:15:00.226 [warning] No such branch: master.
2024-08-29 16:15:00.251 [info] > git status -z -uall [6ms]
2024-08-29 16:15:05.308 [info] No remotes found in the git config file.
2024-08-29 16:15:05.311 [info] > git config --get commit.template [19ms]
2024-08-29 16:15:05.311 [info] > git for-each-ref --format=%(refname)%00%(upstream:short)%00%(objectname)%00%(upstream:track)%00%(upstream:remotename)%00%(upstream:remoteref) refs/heads/master refs/remotes/master [3ms]
2024-08-29 16:15:05.311 [warning] No such branch: master.
2024-08-29 16:15:05.337 [info] > git status -z -uall [7ms]
2024-08-29 16:15:10.404 [info] No remotes found in the git config file.
2024-08-29 16:15:10.406 [info] > git config --get commit.template [19ms]
2024-08-29 16:15:10.407 [info] > git for-each-ref --format=%(refname)%00%(upstream:short)%00%(objectname)%00%(upstream:track)%00%(upstream:remotename)%00%(upstream:remoteref) refs/heads/master refs/remotes/master [3ms]
2024-08-29 16:15:10.407 [warning] No such branch: master.
2024-08-29 16:15:10.431 [info] > git status -z -uall [7ms]
