2024-08-29 15:47:10.037 [info] WARNING:pygls.protocol:Cancel notification for unknown message id "22"

2024-08-29 15:47:10.040 [info] WARNING:pygls.protocol:Cancel notification for unknown message id "24"

2024-08-29 15:47:10.237 [info] WARNING:pygls.protocol:Cancel notification for unknown message id "23"

2024-08-29 15:47:10.243 [info] WARNING:pygls.protocol:Cancel notification for unknown message id "25"

2024-08-29 15:47:10.282 [info] WARNING:pygls.protocol:Cancel notification for unknown message id "27"

2024-08-29 15:47:23.936 [info] WARNING:pygls.protocol:Cancel notification for unknown message id "74"

2024-08-29 15:47:27.460 [info] WARNING:pygls.protocol:Cancel notification for unknown message id "76"

2024-08-29 15:47:27.462 [info] WARNING:pygls.protocol:Cancel notification for unknown message id "78"

2024-08-29 15:47:27.467 [info] WARNING:pygls.protocol:Cancel notification for unknown message id "77"

2024-08-29 15:47:27.472 [info] WARNING:pygls.protocol:Cancel notification for unknown message id "79"

2024-08-29 15:47:27.476 [info] WARNING:pygls.protocol:Cancel notification for unknown message id "82"

2024-08-29 15:47:27.478 [info] WARNING:pygls.protocol:Cancel notification for unknown message id "80"

2024-08-29 15:47:27.495 [info] WARNING:pygls.protocol:Cancel notification for unknown message id "81"

2024-08-29 15:47:27.500 [info] WARNING:pygls.protocol:Cancel notification for unknown message id "83"

2024-08-29 15:47:27.502 [info] WARNING:pygls.protocol:Cancel notification for unknown message id "84"

2024-08-29 15:47:27.506 [info] WARNING:pygls.protocol:Cancel notification for unknown message id "88"

2024-08-29 15:47:27.507 [info] WARNING:pygls.protocol:Cancel notification for unknown message id "86"

2024-08-29 15:47:42.832 [info] WARNING:pygls.protocol:Cancel notification for unknown message id "124"

2024-08-29 15:47:42.834 [info] WARNING:pygls.protocol:Cancel notification for unknown message id "125"

2024-08-29 15:47:42.843 [info] WARNING:pygls.protocol:Cancel notification for unknown message id "127"

2024-08-29 15:47:42.867 [info] WARNING:pygls.protocol:Cancel notification for unknown message id "129"

2024-08-29 15:47:42.878 [info] WARNING:pygls.protocol:Cancel notification for unknown message id "130"

2024-08-29 15:47:42.880 [info] WARNING:pygls.protocol:Cancel notification for unknown message id "131"

2024-08-29 15:48:25.194 [info] WARNING:pygls.protocol:Cancel notification for unknown message id "190"

2024-08-29 15:48:28.963 [info] WARNING:pygls.protocol:Cancel notification for unknown message id "204"

2024-08-29 15:48:34.351 [info] WARNING:pygls.protocol:Cancel notification for unknown message id "215"

2024-08-29 15:48:34.357 [info] WARNING:pygls.protocol:Cancel notification for unknown message id "219"

2024-08-29 15:49:17.317 [info] WARNING:pygls.protocol:Cancel notification for unknown message id "366"

2024-08-29 15:49:17.661 [info] WARNING:pygls.protocol:Cancel notification for unknown message id "367"

2024-08-29 15:49:17.667 [info] WARNING:pygls.protocol:Cancel notification for unknown message id "368"

2024-08-29 15:50:45.916 [info] WARNING:pygls.protocol:Cancel notification for unknown message id "392"

2024-08-29 15:50:45.921 [info] WARNING:pygls.protocol:Cancel notification for unknown message id "393"

2024-08-29 15:50:48.162 [info] WARNING:pygls.protocol:Cancel notification for unknown message id "403"

2024-08-29 15:53:25.446 [info] WARNING:pygls.protocol:Cancel notification for unknown message id "507"

2024-08-29 15:53:25.449 [info] WARNING:pygls.protocol:Cancel notification for unknown message id "508"

2024-08-29 15:53:36.149 [info] WARNING:pygls.protocol:Cancel notification for unknown message id "540"

2024-08-29 15:53:36.151 [info] WARNING:pygls.protocol:Cancel notification for unknown message id "542"

2024-08-29 15:55:15.111 [info] WARNING:pygls.protocol:Cancel notification for unknown message id "706"

2024-08-29 15:58:38.926 [info] WARNING:pygls.protocol:Cancel notification for unknown message id "801"

2024-08-29 15:58:42.666 [info] WARNING:pygls.protocol:Cancel notification for unknown message id "818"

2024-08-29 15:58:45.917 [info] WARNING:pygls.protocol:Cancel notification for unknown message id "830"

2024-08-29 15:59:20.433 [info] WARNING:pygls.protocol:Cancel notification for unknown message id "884"

2024-08-29 15:59:20.441 [info] WARNING:pygls.protocol:Cancel notification for unknown message id "885"

2024-08-29 15:59:30.590 [info] WARNING:pygls.protocol:Cancel notification for unknown message id "915"

2024-08-29 15:59:31.099 [info] WARNING:pygls.protocol:Cancel notification for unknown message id "919"

2024-08-29 16:00:37.061 [info] ERROR:pygls.protocol:Failed to handle request 954 textDocument/codeAction CodeActionParams(text_document=TextDocumentIdentifier(uri='file:///home/valdircarlos2005/calculo-imc.py'), range=23:15-23:19, context=CodeActionContext(diagnostics=[], only=None, trigger_kind=<CodeActionTriggerKind.Automatic: 2>), work_done_token=None, partial_result_token=None)
Traceback (most recent call last):
  File "/google/devshell/editor/code-oss-for-cloud-shell/extensions/ms-python.python/python_files/lib/jedilsp/pygls/protocol.py", line 340, in _handle_request
    self._execute_request(msg_id, handler, params)
  File "/google/devshell/editor/code-oss-for-cloud-shell/extensions/ms-python.python/python_files/lib/jedilsp/pygls/protocol.py", line 264, in _execute_request
    self._send_response(msg_id, handler(params))
  File "/google/devshell/editor/code-oss-for-cloud-shell/extensions/ms-python.python/python_files/lib/jedilsp/jedi_language_server/server.py", line 580, in code_action
    extract_variable_refactoring = jedi_script.extract_variable(
  File "/google/devshell/editor/code-oss-for-cloud-shell/extensions/ms-python.python/python_files/lib/jedilsp/jedi/api/helpers.py", line 487, in wrapper
    return func(self, line, column, *args, **kwargs)
  File "/google/devshell/editor/code-oss-for-cloud-shell/extensions/ms-python.python/python_files/lib/jedilsp/jedi/api/__init__.py", line 628, in extract_variable
    return extract_variable(
  File "/google/devshell/editor/code-oss-for-cloud-shell/extensions/ms-python.python/python_files/lib/jedilsp/jedi/api/refactoring/extract.py", line 19, in extract_variable
    nodes = _find_nodes(module_node, pos, until_pos)
  File "/google/devshell/editor/code-oss-for-cloud-shell/extensions/ms-python.python/python_files/lib/jedilsp/jedi/api/refactoring/extract.py", line 87, in _find_nodes
    nodes = _remove_unwanted_expression_nodes(parent_node, pos, until_pos)
  File "/google/devshell/editor/code-oss-for-cloud-shell/extensions/ms-python.python/python_files/lib/jedilsp/jedi/api/refactoring/extract.py", line 199, in _remove_unwanted_expression_nodes
    nodes[-1:] = _remove_unwanted_expression_nodes(nodes[-1], pos, until_pos)
  File "/google/devshell/editor/code-oss-for-cloud-shell/extensions/ms-python.python/python_files/lib/jedilsp/jedi/api/refactoring/extract.py", line 196, in _remove_unwanted_expression_nodes
    nodes = nodes[start_index:end_index + 1]
UnboundLocalError: local variable 'end_index' referenced before assignment

2024-08-29 16:00:37.064 [info] [Error - 4:00:37 PM] Request textDocument/codeAction failed.
2024-08-29 16:00:37.064 [info]   Message: UnboundLocalError: local variable 'end_index' referenced before assignment
  Code: -32602 
{'traceback': ['  File "/google/devshell/editor/code-oss-for-cloud-shell/extensions/ms-python.python/python_files/lib/jedilsp/pygls/protocol.py", line 340, in _handle_request\n    self._execute_request(msg_id, handler, params)\n', '  File "/google/devshell/editor/code-oss-for-cloud-shell/extensions/ms-python.python/python_files/lib/jedilsp/pygls/protocol.py", line 264, in _execute_request\n    self._send_response(msg_id, handler(params))\n', '  File "/google/devshell/editor/code-oss-for-cloud-shell/extensions/ms-python.python/python_files/lib/jedilsp/jedi_language_server/server.py", line 580, in code_action\n    extract_variable_refactoring = jedi_script.extract_variable(\n', '  File "/google/devshell/editor/code-oss-for-cloud-shell/extensions/ms-python.python/python_files/lib/jedilsp/jedi/api/helpers.py", line 487, in wrapper\n    return func(self, line, column, *args, **kwargs)\n', '  File "/google/devshell/editor/code-oss-for-cloud-shell/extensions/ms-python.python/python_files/lib/jedilsp/jedi/api/__init__.py", line 628, in extract_variable\n    return extract_variable(\n', '  File "/google/devshell/editor/code-oss-for-cloud-shell/extensions/ms-python.python/python_files/lib/jedilsp/jedi/api/refactoring/extract.py", line 19, in extract_variable\n    nodes = _find_nodes(module_node, pos, until_pos)\n', '  File "/google/devshell/editor/code-oss-for-cloud-shell/extensions/ms-python.python/python_files/lib/jedilsp/jedi/api/refactoring/extract.py", line 87, in _find_nodes\n    nodes = _remove_unwanted_expression_nodes(parent_node, pos, until_pos)\n', '  File "/google/devshell/editor/code-oss-for-cloud-shell/extensions/ms-python.python/python_files/lib/jedilsp/jedi/api/refactoring/extract.py", line 199, in _remove_unwanted_expression_nodes\n    nodes[-1:] = _remove_unwanted_expression_nodes(nodes[-1], pos, until_pos)\n', '  File "/google/devshell/editor/code-oss-for-cloud-shell/extensions/ms-python.python/python_files/lib/jedilsp/jedi/api/refactoring/extract.py", line 196, in _remove_unwanted_expression_nodes\n    nodes = nodes[start_index:end_index + 1]\n']}
2024-08-29 16:00:38.687 [info] WARNING:pygls.protocol:Cancel notification for unknown message id "958"

2024-08-29 16:00:38.695 [info] WARNING:pygls.protocol:Cancel notification for unknown message id "960"

2024-08-29 16:01:23.407 [info] WARNING:pygls.protocol:Cancel notification for unknown message id "1015"

2024-08-29 16:01:23.998 [info] WARNING:pygls.protocol:Cancel notification for unknown message id "1017"

2024-08-29 16:02:18.191 [info] WARNING:pygls.protocol:Cancel notification for unknown message id "1131"

2024-08-29 16:06:32.154 [info] WARNING:pygls.protocol:Cancel notification for unknown message id "1225"

2024-08-29 16:06:32.158 [info] WARNING:pygls.protocol:Cancel notification for unknown message id "1226"

2024-08-29 16:08:08.468 [info] WARNING:pygls.protocol:Cancel notification for unknown message id "1303"

2024-08-29 16:08:08.472 [info] WARNING:pygls.protocol:Cancel notification for unknown message id "1304"

2024-08-29 16:08:08.576 [info] WARNING:pygls.protocol:Cancel notification for unknown message id "1305"

2024-08-29 16:08:08.579 [info] WARNING:pygls.protocol:Cancel notification for unknown message id "1307"

